<?xml version="1.0" encoding="UTF-8"?>
<!-- Generated by org.testng.reporters.JUnitReportReporter -->
<testsuite hostname="MD-DESK" failures="0" tests="1" name="testNG_Code_Batch_Running.RediffLoginTest" time="12.802" errors="0" timestamp="2023-04-26T14:46:26 EDT" skipped="0">
  <testcase classname="testNG_Code_Batch_Running.RediffLoginTest" name="rediffLogin" time="12.802"/>
  <system-out/>
</testsuite> <!-- testNG_Code_Batch_Running.RediffLoginTest -->
