<?xml version="1.0" encoding="UTF-8"?>
<!-- Generated by org.testng.reporters.JUnitReportReporter -->
<testsuite hostname="MD-DESK" failures="0" tests="3" name="testNG_Code_April_2023.TriCombo" time="0.021" errors="0" timestamp="2023-05-23T14:47:14 EDT" skipped="0">
  <testcase classname="testNG_Code_April_2023.TriCombo" name="testCase2" time="0.007"/>
  <system-out/>
  <testcase classname="testNG_Code_April_2023.TriCombo" name="testCase1" time="0.009"/>
  <system-out/>
  <testcase classname="testNG_Code_April_2023.TriCombo" name="testCase3" time="0.005"/>
  <system-out/>
</testsuite> <!-- testNG_Code_April_2023.TriCombo -->
