<?xml version="1.0" encoding="UTF-8"?>
<!-- Generated by org.testng.reporters.JUnitReportReporter -->
<testsuite hostname="MD-DESK" failures="0" tests="1" name="include_exclude_TestCases.Home" time="0.005" errors="0" timestamp="2023-05-02T12:36:39 EDT" skipped="0">
  <testcase classname="include_exclude_TestCases.Home" name="HomePageApplication" time="0.005"/>
  <system-out/>
</testsuite> <!-- include_exclude_TestCases.Home -->
