<?xml version="1.0" encoding="UTF-8"?>
<!-- Generated by org.testng.reporters.JUnitReportReporter -->
<testsuite hostname="MD-DESK" failures="0" tests="1" name="practice_of_automation_on_dummy_site.WebTable" time="7.699" errors="0" timestamp="2023-05-27T12:27:58 EDT" skipped="0">
  <testcase classname="practice_of_automation_on_dummy_site.WebTable" name="WebTable" time="7.699"/>
  <system-out/>
</testsuite> <!-- practice_of_automation_on_dummy_site.WebTable -->
