<?xml version="1.0" encoding="UTF-8"?>
<!-- Generated by org.testng.reporters.JUnitReportReporter -->
<testsuite hostname="MD-DESK" failures="0" tests="1" name="automation_code_extra_topics.BraveBrowser" time="14.453" errors="0" timestamp="2023-05-23T12:39:22 EDT" skipped="0">
  <testcase classname="automation_code_extra_topics.BraveBrowser" name="codeTNLoginInBraveBrowserDemo" time="14.453"/>
  <system-out/>
</testsuite> <!-- automation_code_extra_topics.BraveBrowser -->
