<?xml version="1.0" encoding="UTF-8"?>
<!-- Generated by org.testng.reporters.JUnitReportReporter -->
<testsuite hostname="MD-DESK" failures="0" tests="2" name="File_Handling.Reading_From_Properties_File" time="20.499" errors="0" timestamp="2023-04-29T14:23:12 EDT" skipped="0">
  <testcase classname="File_Handling.Reading_From_Properties_File" name="TNLoginDetails" time="9.105"/>
  <system-out/>
  <testcase classname="File_Handling.Reading_From_Properties_File" name="rediffLogin" time="11.394"/>
  <system-out/>
</testsuite> <!-- File_Handling.Reading_From_Properties_File -->
