<?xml version="1.0" encoding="UTF-8"?>
<!-- Generated by org.testng.reporters.JUnitReportReporter -->
<testsuite hostname="MD-DESK" failures="0" tests="1" name="automation_code_extra_topics.webTables" time="5.100" errors="0" timestamp="2023-05-24T17:17:37 EDT" skipped="0">
  <testcase classname="automation_code_extra_topics.webTables" name="dataTable" time="5.100"/>
  <system-out/>
</testsuite> <!-- automation_code_extra_topics.webTables -->
