<?xml version="1.0" encoding="UTF-8"?>
<!-- Generated by org.testng.reporters.JUnitReportReporter -->
<testsuite hostname="MD-DESK" failures="0" tests="1" name="automation_code_extra_topics.ZoomInZoomOut" time="15.227" errors="0" timestamp="2023-05-09T14:27:50 EDT" skipped="0">
  <testcase classname="automation_code_extra_topics.ZoomInZoomOut" name="zoomInAndOut" time="15.227"/>
  <system-out/>
</testsuite> <!-- automation_code_extra_topics.ZoomInZoomOut -->
