<?xml version="1.0" encoding="UTF-8"?>
<!-- Generated by org.testng.reporters.JUnitReportReporter -->
<testsuite hostname="MD-DESK" failures="0" tests="1" name="testNG_Code_April_2023.TagName" time="7.023" errors="0" timestamp="2023-05-01T17:29:49 EDT" skipped="0">
  <testcase classname="testNG_Code_April_2023.TagName" name="rediff" time="7.023"/>
  <system-out/>
</testsuite> <!-- testNG_Code_April_2023.TagName -->
