<?xml version="1.0" encoding="UTF-8"?>
<!-- Generated by org.testng.reporters.JUnitReportReporter -->
<testsuite hostname="MD-DESK" failures="0" tests="1" name="testNG_code_Parameterization_30th_April_2023.TNRegister_Parameterize" time="18.029" errors="0" timestamp="2023-05-02T13:26:35 EDT" skipped="0">
  <testcase classname="testNG_code_Parameterization_30th_April_2023.TNRegister_Parameterize" name="TNRegisterTest" time="18.029"/>
  <system-out/>
</testsuite> <!-- testNG_code_Parameterization_30th_April_2023.TNRegister_Parameterize -->
