<?xml version="1.0" encoding="UTF-8"?>
<!-- Generated by org.testng.reporters.JUnitReportReporter -->
<testsuite hostname="MD-DESK" failures="0" tests="2" name="testNG_Code_April_2023.TestNG_Annnotations" time="0.013" errors="0" timestamp="2023-04-25T11:59:05 EDT" skipped="0">
  <testcase classname="testNG_Code_April_2023.TestNG_Annnotations" name="testCase1" time="0.009"/>
  <system-out/>
  <testcase classname="testNG_Code_April_2023.TestNG_Annnotations" name="testCase2" time="0.004"/>
  <system-out/>
</testsuite> <!-- testNG_Code_April_2023.TestNG_Annnotations -->
