<?xml version="1.0" encoding="UTF-8"?>
<!-- Generated by org.testng.reporters.JUnitReportReporter -->
<testsuite hostname="MD-DESK" failures="0" tests="1" name="automation_code_extra_topics.date_picker" time="15.108" errors="0" timestamp="2023-05-23T12:54:19 EDT" skipped="0">
  <testcase classname="automation_code_extra_topics.date_picker" name="seleniumPractiseBlogspotCalendar" time="15.108"/>
  <system-out/>
</testsuite> <!-- automation_code_extra_topics.date_picker -->
