<?xml version="1.0" encoding="UTF-8"?>
<!-- Generated by org.testng.reporters.JUnitReportReporter -->
<testsuite hostname="MD-DESK" failures="0" tests="1" name="waits_in_Selenium.ExpicitWait_2" time="10.139" errors="0" timestamp="2023-05-15T12:34:09 EDT" skipped="0">
  <testcase classname="waits_in_Selenium.ExpicitWait_2" name="TNExplicitWait" time="10.139"/>
  <system-out/>
</testsuite> <!-- waits_in_Selenium.ExpicitWait_2 -->
