<?xml version="1.0" encoding="UTF-8"?>
<!-- Generated by org.testng.reporters.JUnitReportReporter -->
<testsuite hostname="MD-DESK" failures="0" tests="1" name="include_exclude_TestCases.Login" time="0.002" errors="0" timestamp="2023-05-02T12:36:39 EDT" skipped="0">
  <testcase classname="include_exclude_TestCases.Login" name="LoginApplication" time="0.002"/>
  <system-out/>
</testsuite> <!-- include_exclude_TestCases.Login -->
