<?xml version="1.0" encoding="UTF-8"?>
<!-- Generated by org.testng.reporters.JUnitReportReporter -->
<testsuite hostname="MD-DESK" failures="0" tests="1" name="automation_code_extra_topics.MouseKeyboard" time="9.196" errors="0" timestamp="2023-05-15T13:21:44 EDT" skipped="0">
  <testcase classname="automation_code_extra_topics.MouseKeyboard" name="keyBoardOperations" time="9.196"/>
  <system-out/>
</testsuite> <!-- automation_code_extra_topics.MouseKeyboard -->
