<?xml version="1.0" encoding="UTF-8"?>
<!-- Generated by org.testng.reporters.JUnitReportReporter -->
<testsuite hostname="MD-DESK" failures="0" tests="1" name="automation_code_extra_topics.ToolTip" time="5.566" errors="0" timestamp="2023-05-23T14:15:51 EDT" skipped="0">
  <testcase classname="automation_code_extra_topics.ToolTip" name="toolTipValidation" time="5.566"/>
  <system-out/>
</testsuite> <!-- automation_code_extra_topics.ToolTip -->
