<?xml version="1.0" encoding="UTF-8"?>
<!-- Generated by org.testng.reporters.JUnitReportReporter -->
<testsuite hostname="MD-DESK" failures="0" tests="1" name="automation_code_extra_topics.AutoSuggestiveDropdown" time="12.053" errors="0" timestamp="2023-05-23T12:37:47 EDT" skipped="0">
  <testcase classname="automation_code_extra_topics.AutoSuggestiveDropdown" name="easeMyTrip" time="12.053"/>
  <system-out/>
</testsuite> <!-- automation_code_extra_topics.AutoSuggestiveDropdown -->
