<?xml version="1.0" encoding="UTF-8"?>
<!-- Generated by org.testng.reporters.JUnitReportReporter -->
<testsuite hostname="MD-DESK" failures="0" tests="2" name="include_exclude_TestCases.Launch" time="0.012" errors="0" timestamp="2023-05-02T12:36:39 EDT" skipped="0">
  <testcase classname="include_exclude_TestCases.Launch" name="LaunchUrl" time="0.009"/>
  <system-out/>
  <testcase classname="include_exclude_TestCases.Launch" name="validateLaunchUrl" time="0.003"/>
  <system-out/>
</testsuite> <!-- include_exclude_TestCases.Launch -->
