<?xml version="1.0" encoding="UTF-8"?>
<!-- Generated by org.testng.reporters.JUnitReportReporter -->
<testsuite hostname="MD-DESK" failures="0" tests="4" name="testNG_Code_April_2023.Assertions" time="38.547" errors="0" timestamp="2023-04-25T16:01:42 EDT" skipped="0">
  <testcase classname="testNG_Code_April_2023.Assertions" name="clickOnMyAccount" time="13.824"/>
  <system-out/>
  <testcase classname="testNG_Code_April_2023.Assertions" name="clickOnLogin" time="6.574"/>
  <system-out/>
  <testcase classname="testNG_Code_April_2023.Assertions" name="enterValidEmailAndValidPassword" time="7.354"/>
  <system-out/>
  <testcase classname="testNG_Code_April_2023.Assertions" name="enterValidEmailAndValidPasswordAndLogout" time="10.795"/>
  <system-out/>
</testsuite> <!-- testNG_Code_April_2023.Assertions -->
